<?xml version="1.0" encoding="UTF-8"?>
<!-- Generated by org.testng.reporters.JUnitXMLReporter -->
<testsuite ignored="0" hostname="LAPTOP-1N3TH4EI" failures="0" tests="1" name="Test-Runner-2" time="51.173" errors="0" timestamp="2023-10-11T20:24:46 IST">
  <testcase classname="contactsTest.CreateContactWithOrganizationUsingBaseClass" name="CreateContactWithOrganization" time="30.401"/>
</testsuite> <!-- Test-Runner-2 -->
