<?xml version="1.0" encoding="UTF-8"?>
<!-- Generated by org.testng.reporters.JUnitXMLReporter -->
<testsuite ignored="0" hostname="LAPTOP-1N3TH4EI" failures="0" tests="1" name="Test-Runner-1" time="48.252" errors="0" timestamp="2023-10-11T20:24:43 IST">
  <testcase classname="contactsTest.CreateContact" name="createContactTest" time="48.125"/>
</testsuite> <!-- Test-Runner-1 -->
