<?xml version="1.0" encoding="UTF-8"?>
<!-- Generated by org.testng.reporters.JUnitReportReporter -->
<testsuite hostname="LAPTOP-1N3TH4EI" failures="0" tests="3" name="DataProviderPractice" time="0.029" errors="0" timestamp="2023-10-05T20:15:10 IST" skipped="0">
  <testcase classname="DataProviderPractice" name="addProductToCart" time="0.011"/>
  <testcase classname="DataProviderPractice" name="addProductToCart" time="0.005"/>
  <testcase classname="DataProviderPractice" name="addProductToCart" time="0.013"/>
</testsuite> <!-- DataProviderPractice -->
