<?xml version="1.0" encoding="UTF-8"?>
<!-- Generated by org.testng.reporters.JUnitReportReporter -->
<testsuite hostname="LAPTOP-1N3TH4EI" failures="0" tests="1" name="contactsTest.CreateContactWithOrganzation" time="99.394" errors="0" timestamp="2023-10-03T20:09:15 IST" skipped="0">
  <testcase classname="contactsTest.CreateContactWithOrganzation" name="CreateContactWithOrganization" time="99.394"/>
</testsuite> <!-- contactsTest.CreateContactWithOrganzation -->
