<?xml version="1.0" encoding="UTF-8"?>
<!-- Generated by org.testng.reporters.JUnitReportReporter -->
<testsuite hostname="LAPTOP-1N3TH4EI" failures="0" tests="1" name="contactsTest.CreateContact" time="36.578" errors="0" timestamp="2023-10-17T21:00:15 IST" skipped="0">
  <testcase classname="contactsTest.CreateContact" name="createContactTest" time="36.578"/>
  <system-out>
    <![CDATA[clicked on organization
clicked on organization look up img
New organzation created
Clicked on create contact lookup img]]>
  </system-out>
</testsuite> <!-- contactsTest.CreateContact -->
