<?xml version="1.0" encoding="UTF-8"?>
<!-- Generated by org.testng.reporters.JUnitReportReporter -->
<testsuite hostname="LAPTOP-1N3TH4EI" failures="0" tests="2" name="contactsTest.CreateContactWithOrganizationUsingBaseClassTest" time="37.461" errors="0" timestamp="2023-12-01T11:13:29 IST" skipped="0">
  <testcase classname="contactsTest.CreateContactWithOrganizationUsingBaseClassTest" name="demo" time="6.142"/>
  <testcase classname="contactsTest.CreateContactWithOrganizationUsingBaseClassTest" name="CreateContactWithOrganization" time="31.319">
    <system-out>
      <![CDATA[clicked on organization
clicked on organization look up img
New organzation created
Clicked on create contact lookup img
New contact created]]>
    </system-out>
  </testcase> <!-- CreateContactWithOrganization -->
  <system-out>
    <![CDATA[clicked on organization
clicked on organization look up img
New organzation created
Clicked on create contact lookup img
New contact created]]>
  </system-out>
</testsuite> <!-- contactsTest.CreateContactWithOrganizationUsingBaseClassTest -->
